<?xml version="1.0" encoding="UTF-8"?>
<!-- Generated by org.testng.reporters.JUnitReportReporter -->
<testsuite hostname="DESKTOP-88SEI6R" failures="0" tests="3" name="api.test.StoreTests" time="3.938" errors="0" timestamp="2024-06-08T22:54:02 IST" skipped="0">
  <testcase classname="api.test.StoreTests" name="testPostOrder" time="1.272"/>
  <testcase classname="api.test.StoreTests" name="testFindOrder" time="1.407"/>
  <testcase classname="api.test.StoreTests" name="testDeleteOrder" time="1.259"/>
</testsuite> <!-- api.test.StoreTests -->
