<?xml version="1.0" encoding="UTF-8"?>
<!-- Generated by org.testng.reporters.JUnitReportReporter -->
<testsuite hostname="DESKTOP-88SEI6R" failures="0" tests="4" name="api.test.PetsTests" time="6.351" errors="0" timestamp="2024-06-08T22:54:02 IST" skipped="0">
  <testcase classname="api.test.PetsTests" name="testPostPet" time="1.258"/>
  <testcase classname="api.test.PetsTests" name="findPets" time="1.308"/>
  <testcase classname="api.test.PetsTests" name="testUpdatePet" time="2.515"/>
  <testcase classname="api.test.PetsTests" name="testDeletePet" time="1.270"/>
</testsuite> <!-- api.test.PetsTests -->
