<?xml version="1.0" encoding="UTF-8"?>
<!-- Generated by org.testng.reporters.JUnitReportReporter -->
<testsuite hostname="DESKTOP-88SEI6R" failures="0" tests="6" name="api.test.DDTest" time="7.499" errors="0" timestamp="2024-06-08T22:54:02 IST" skipped="0">
  <testcase classname="api.test.DDTest" name="testPostuser" time="1.258"/>
  <testcase classname="api.test.DDTest" name="testPostuser" time="1.267"/>
  <testcase classname="api.test.DDTest" name="testPostuser" time="1.221"/>
  <testcase classname="api.test.DDTest" name="testDeleteUserByName" time="1.268"/>
  <testcase classname="api.test.DDTest" name="testDeleteUserByName" time="1.260"/>
  <testcase classname="api.test.DDTest" name="testDeleteUserByName" time="1.225"/>
</testsuite> <!-- api.test.DDTest -->
