<?xml version="1.0" encoding="UTF-8"?>
<!-- Generated by org.testng.reporters.JUnitReportReporter -->
<testsuite hostname="DESKTOP-88SEI6R" failures="0" tests="4" name="api.test.UserTests" time="9.072" errors="0" timestamp="2024-06-08T22:54:02 IST" skipped="0">
  <testcase classname="api.test.UserTests" name="testPostUser" time="3.805"/>
  <testcase classname="api.test.UserTests" name="testGetUser" time="1.368"/>
  <testcase classname="api.test.UserTests" name="testUpdateUser" time="2.640"/>
  <testcase classname="api.test.UserTests" name="testDeleteUser" time="1.259"/>
</testsuite> <!-- api.test.UserTests -->
